<?xml version="1.0" encoding="UTF-8"?>
<!-- Generated by org.testng.reporters.JUnitReportReporter -->
<testsuite hostname="ravi" failures="0" tests="4" name="day2.group" time="0.018" errors="0" timestamp="2025-08-10T12:22:04 IST" skipped="0">
  <testcase classname="day2.group" name="productdetails" time="0.002"/>
  <system-out/>
  <testcase classname="day2.group" name="logintest" time="0.002"/>
  <system-out/>
  <testcase classname="day2.group" name="homepagetest" time="0.002"/>
  <system-out/>
  <testcase classname="day2.group" name="addcarttest" time="0.012"/>
  <system-out/>
</testsuite> <!-- day2.group -->
