<?xml version="1.0" encoding="UTF-8"?>
<!-- Generated by org.testng.reporters.JUnitReportReporter -->
<testsuite hostname="ravi" failures="0" tests="1" name="day2.parameter" time="0.012" errors="0" timestamp="2025-08-10T12:12:06 IST" skipped="0">
  <testcase classname="day2.parameter" name="add" time="0.012"/>
  <system-out/>
</testsuite> <!-- day2.parameter -->
