<?xml version="1.0" encoding="UTF-8"?>
<!-- Generated by org.testng.reporters.JUnitReportReporter -->
<testsuite hostname="ravi" failures="0" tests="2" name="day2.annotationflow" time="0.010" errors="0" timestamp="2025-08-10T11:54:36 IST" skipped="0">
  <testcase classname="day2.annotationflow" name="test2" time="0.003"/>
  <system-out/>
  <testcase classname="day2.annotationflow" name="test1" time="0.007"/>
  <system-out/>
</testsuite> <!-- day2.annotationflow -->
