<?xml version="1.0" encoding="UTF-8"?>
<!-- Generated by org.testng.reporters.JUnitReportReporter -->
<testsuite hostname="ravi" failures="0" tests="1" name="day1.soft" time="0.003" errors="0" timestamp="2025-08-30T11:13:56 IST" skipped="0">
  <testcase classname="day1.soft" name="assert1" time="0.003"/>
  <system-out/>
</testsuite> <!-- day1.soft -->
