<?xml version="1.0" encoding="UTF-8"?>
<!-- Generated by org.testng.reporters.JUnitReportReporter -->
<testsuite hostname="ravi" failures="0" tests="1" name="day1.soft1" time="0.009" errors="0" timestamp="2025-08-30T14:05:41 IST" skipped="0">
  <testcase classname="day1.soft1" name="assert5" time="0.009"/>
  <system-out/>
</testsuite> <!-- day1.soft1 -->
